


ARM Macro Assembler    Page 1 


    1 00000000         #line   1                "mbed-os/targets/TARGET_NXP/TAR
GET_LPC176X/device/TOOLCHAIN_ARM_STD/startup_LPC17xx.S"
    1 00000000         ;
    2 00000000         
    3 00000000         
    4 00000000         
    5 00000000         
    6 00000000         
    7 00000000         
    8 00000000         
    9 00000000         
   10 00000000         
   11 00000000         
   12 00000000         
   13 00000000         
   14 00000000         
   15 00000000         
   16 00000000         
   17 00000000         
   18 00000000         
   19 00000000         
   20 00000000         
   21 00000000         
   22 00000000 10008000 
                       __initial_sp
                               EQU              0x10008000  ; Top of RAM from L
                                                            PC1768
   23 00000000         
   24 00000000                 PRESERVE8
   25 00000000                 THUMB
   26 00000000         
   27 00000000         ; Vector Table Mapped to Address 0 at Reset
   28 00000000         
   29 00000000                 AREA             RESET, DATA, READONLY
   30 00000000                 EXPORT           __Vectors
   31 00000000         
   32 00000000 10008000 
                       __Vectors
                               DCD              __initial_sp ; Top of Stack
   33 00000004 00000000        DCD              Reset_Handler ; Reset Handler
   34 00000008 00000000        DCD              NMI_Handler ; NMI Handler
   35 0000000C 00000000        DCD              HardFault_Handler ; Hard Fault 
                                                            Handler
   36 00000010 00000000        DCD              MemManage_Handler 
                                                            ; MPU Fault Handler
                                                            
   37 00000014 00000000        DCD              BusFault_Handler 
                                                            ; Bus Fault Handler
                                                            
   38 00000018 00000000        DCD              UsageFault_Handler ; Usage Faul
                                                            t Handler
   39 0000001C 00000000        DCD              0           ; Reserved
   40 00000020 00000000        DCD              0           ; Reserved
   41 00000024 00000000        DCD              0           ; Reserved
   42 00000028 00000000        DCD              0           ; Reserved
   43 0000002C 00000000        DCD              SVC_Handler ; SVCall Handler
   44 00000030 00000000        DCD              DebugMon_Handler ; Debug Monito
                                                            r Handler
   45 00000034 00000000        DCD              0           ; Reserved



ARM Macro Assembler    Page 2 


   46 00000038 00000000        DCD              PendSV_Handler ; PendSV Handler
                                                            
   47 0000003C 00000000        DCD              SysTick_Handler 
                                                            ; SysTick Handler
   48 00000040         
   49 00000040         ; External Interrupts
   50 00000040 00000000        DCD              WDT_IRQHandler ; 16: Watchdog T
                                                            imer
   51 00000044 00000000        DCD              TIMER0_IRQHandler ; 17: Timer0
   52 00000048 00000000        DCD              TIMER1_IRQHandler ; 18: Timer1
   53 0000004C 00000000        DCD              TIMER2_IRQHandler ; 19: Timer2
   54 00000050 00000000        DCD              TIMER3_IRQHandler ; 20: Timer3
   55 00000054 00000000        DCD              UART0_IRQHandler ; 21: UART0
   56 00000058 00000000        DCD              UART1_IRQHandler ; 22: UART1
   57 0000005C 00000000        DCD              UART2_IRQHandler ; 23: UART2
   58 00000060 00000000        DCD              UART3_IRQHandler ; 24: UART3
   59 00000064 00000000        DCD              PWM1_IRQHandler ; 25: PWM1
   60 00000068 00000000        DCD              I2C0_IRQHandler ; 26: I2C0
   61 0000006C 00000000        DCD              I2C1_IRQHandler ; 27: I2C1
   62 00000070 00000000        DCD              I2C2_IRQHandler ; 28: I2C2
   63 00000074 00000000        DCD              SPI_IRQHandler ; 29: SPI
   64 00000078 00000000        DCD              SSP0_IRQHandler ; 30: SSP0
   65 0000007C 00000000        DCD              SSP1_IRQHandler ; 31: SSP1
   66 00000080 00000000        DCD              PLL0_IRQHandler ; 32: PLL0 Lock
                                                             (Main PLL)
   67 00000084 00000000        DCD              RTC_IRQHandler ; 33: Real Time 
                                                            Clock
   68 00000088 00000000        DCD              EINT0_IRQHandler ; 34: External
                                                             Interrupt 0
   69 0000008C 00000000        DCD              EINT1_IRQHandler ; 35: External
                                                             Interrupt 1
   70 00000090 00000000        DCD              EINT2_IRQHandler ; 36: External
                                                             Interrupt 2
   71 00000094 00000000        DCD              EINT3_IRQHandler ; 37: External
                                                             Interrupt 3
   72 00000098 00000000        DCD              ADC_IRQHandler 
                                                            ; 38: A/D Converter
                                                            
   73 0000009C 00000000        DCD              BOD_IRQHandler ; 39: Brown-Out 
                                                            Detect
   74 000000A0 00000000        DCD              USB_IRQHandler ; 40: USB
   75 000000A4 00000000        DCD              CAN_IRQHandler ; 41: CAN
   76 000000A8 00000000        DCD              DMA_IRQHandler ; 42: General Pu
                                                            rpose DMA
   77 000000AC 00000000        DCD              I2S_IRQHandler ; 43: I2S
   78 000000B0 00000000        DCD              ENET_IRQHandler ; 44: Ethernet
   79 000000B4 00000000        DCD              RIT_IRQHandler ; 45: Repetitive
                                                             Interrupt Timer
   80 000000B8 00000000        DCD              MCPWM_IRQHandler ; 46: Motor Co
                                                            ntrol PWM
   81 000000BC 00000000        DCD              QEI_IRQHandler ; 47: Quadrature
                                                             Encoder Interface
   82 000000C0 00000000        DCD              PLL1_IRQHandler ; 48: PLL1 Lock
                                                             (USB PLL)
   83 000000C4         
   84 000000C4         
   85 000000C4                 AREA             |.text|, CODE, READONLY
   86 00000000         
   87 00000000         



ARM Macro Assembler    Page 3 


   88 00000000         ; Reset Handler
   89 00000000         
   90 00000000         Reset_Handler
                               PROC
   91 00000000                 EXPORT           Reset_Handler             [WEAK
]
   92 00000000                 IMPORT           SystemInit
   93 00000000                 IMPORT           __main
   94 00000000 4806            LDR              R0, =SystemInit
   95 00000002 4780            BLX              R0
   96 00000004 4806            LDR              R0, =__main
   97 00000006 4700            BX               R0
   98 00000008                 ENDP
   99 00000008         
  100 00000008         
  101 00000008         ; Dummy Exception Handlers (infinite loops which can be 
                       modified)                
  102 00000008         
  103 00000008         NMI_Handler
                               PROC
  104 00000008                 EXPORT           NMI_Handler               [WEAK
]
  105 00000008 E7FE            B                .
  106 0000000A                 ENDP
  107 0000000A         HardFault_Handler
                               PROC
  108 0000000A         
  109 0000000A                 EXPORT           HardFault_Handler         [WEAK
]
  110 0000000A E7FE            B                .
  111 0000000C                 ENDP
  112 0000000C         MemManage_Handler
                               PROC
  113 0000000C         
  114 0000000C                 EXPORT           MemManage_Handler         [WEAK
]
  115 0000000C E7FE            B                .
  116 0000000E                 ENDP
  117 0000000E         BusFault_Handler
                               PROC
  118 0000000E         
  119 0000000E                 EXPORT           BusFault_Handler          [WEAK
]
  120 0000000E E7FE            B                .
  121 00000010                 ENDP
  122 00000010         UsageFault_Handler
                               PROC
  123 00000010         
  124 00000010                 EXPORT           UsageFault_Handler        [WEAK
]
  125 00000010 E7FE            B                .
  126 00000012                 ENDP
  127 00000012         SVC_Handler
                               PROC
  128 00000012                 EXPORT           SVC_Handler               [WEAK
]
  129 00000012 E7FE            B                .
  130 00000014                 ENDP
  131 00000014         DebugMon_Handler



ARM Macro Assembler    Page 4 


                               PROC
  132 00000014         
  133 00000014                 EXPORT           DebugMon_Handler          [WEAK
]
  134 00000014 E7FE            B                .
  135 00000016                 ENDP
  136 00000016         PendSV_Handler
                               PROC
  137 00000016                 EXPORT           PendSV_Handler            [WEAK
]
  138 00000016 E7FE            B                .
  139 00000018                 ENDP
  140 00000018         SysTick_Handler
                               PROC
  141 00000018                 EXPORT           SysTick_Handler           [WEAK
]
  142 00000018 E7FE            B                .
  143 0000001A                 ENDP
  144 0000001A         
  145 0000001A         Default_Handler
                               PROC
  146 0000001A         
  147 0000001A                 EXPORT           WDT_IRQHandler            [WEAK
]
  148 0000001A                 EXPORT           TIMER0_IRQHandler         [WEAK
]
  149 0000001A                 EXPORT           TIMER1_IRQHandler         [WEAK
]
  150 0000001A                 EXPORT           TIMER2_IRQHandler         [WEAK
]
  151 0000001A                 EXPORT           TIMER3_IRQHandler         [WEAK
]
  152 0000001A                 EXPORT           UART0_IRQHandler          [WEAK
]
  153 0000001A                 EXPORT           UART1_IRQHandler          [WEAK
]
  154 0000001A                 EXPORT           UART2_IRQHandler          [WEAK
]
  155 0000001A                 EXPORT           UART3_IRQHandler          [WEAK
]
  156 0000001A                 EXPORT           PWM1_IRQHandler           [WEAK
]
  157 0000001A                 EXPORT           I2C0_IRQHandler           [WEAK
]
  158 0000001A                 EXPORT           I2C1_IRQHandler           [WEAK
]
  159 0000001A                 EXPORT           I2C2_IRQHandler           [WEAK
]
  160 0000001A                 EXPORT           SPI_IRQHandler            [WEAK
]
  161 0000001A                 EXPORT           SSP0_IRQHandler           [WEAK
]
  162 0000001A                 EXPORT           SSP1_IRQHandler           [WEAK
]
  163 0000001A                 EXPORT           PLL0_IRQHandler           [WEAK
]
  164 0000001A                 EXPORT           RTC_IRQHandler            [WEAK
]
  165 0000001A                 EXPORT           EINT0_IRQHandler          [WEAK



ARM Macro Assembler    Page 5 


]
  166 0000001A                 EXPORT           EINT1_IRQHandler          [WEAK
]
  167 0000001A                 EXPORT           EINT2_IRQHandler          [WEAK
]
  168 0000001A                 EXPORT           EINT3_IRQHandler          [WEAK
]
  169 0000001A                 EXPORT           ADC_IRQHandler            [WEAK
]
  170 0000001A                 EXPORT           BOD_IRQHandler            [WEAK
]
  171 0000001A                 EXPORT           USB_IRQHandler            [WEAK
]
  172 0000001A                 EXPORT           CAN_IRQHandler            [WEAK
]
  173 0000001A                 EXPORT           DMA_IRQHandler            [WEAK
]
  174 0000001A                 EXPORT           I2S_IRQHandler            [WEAK
]
  175 0000001A                 EXPORT           ENET_IRQHandler           [WEAK
]
  176 0000001A                 EXPORT           RIT_IRQHandler            [WEAK
]
  177 0000001A                 EXPORT           MCPWM_IRQHandler          [WEAK
]
  178 0000001A                 EXPORT           QEI_IRQHandler            [WEAK
]
  179 0000001A                 EXPORT           PLL1_IRQHandler           [WEAK
]
  180 0000001A         
  181 0000001A         WDT_IRQHandler
  182 0000001A         TIMER0_IRQHandler
  183 0000001A         TIMER1_IRQHandler
  184 0000001A         TIMER2_IRQHandler
  185 0000001A         TIMER3_IRQHandler
  186 0000001A         UART0_IRQHandler
  187 0000001A         UART1_IRQHandler
  188 0000001A         UART2_IRQHandler
  189 0000001A         UART3_IRQHandler
  190 0000001A         PWM1_IRQHandler
  191 0000001A         I2C0_IRQHandler
  192 0000001A         I2C1_IRQHandler
  193 0000001A         I2C2_IRQHandler
  194 0000001A         SPI_IRQHandler
  195 0000001A         SSP0_IRQHandler
  196 0000001A         SSP1_IRQHandler
  197 0000001A         PLL0_IRQHandler
  198 0000001A         RTC_IRQHandler
  199 0000001A         EINT0_IRQHandler
  200 0000001A         EINT1_IRQHandler
  201 0000001A         EINT2_IRQHandler
  202 0000001A         EINT3_IRQHandler
  203 0000001A         ADC_IRQHandler
  204 0000001A         BOD_IRQHandler
  205 0000001A         USB_IRQHandler
  206 0000001A         CAN_IRQHandler
  207 0000001A         DMA_IRQHandler
  208 0000001A         I2S_IRQHandler
  209 0000001A         ENET_IRQHandler



ARM Macro Assembler    Page 6 


  210 0000001A         RIT_IRQHandler
  211 0000001A         MCPWM_IRQHandler
  212 0000001A         QEI_IRQHandler
  213 0000001A         PLL1_IRQHandler
  214 0000001A         
  215 0000001A E7FE            B                .
  216 0000001C         
  217 0000001C                 ENDP
  218 0000001C         
  219 0000001C                 ALIGN
  220 0000001C                 END
              00000000 
              00000000 
Command Line: --debug --xref --cpreproc --diag_suppress=9931 --cpu=Cortex-M3 --
apcs=interwork --depend=.\build\startup_lpc17xx.d -o.\build\startup_lpc17xx.o -
I. -Imbed-os/. -Imbed-os/features -Imbed-os/features/frameworks -Imbed-os/featu
res/frameworks/greentea-client -Imbed-os/features/frameworks/greentea-client/gr
eentea-client -Imbed-os/features/frameworks/greentea-client/source -Imbed-os/fe
atures/frameworks/unity -Imbed-os/features/frameworks/unity/source -Imbed-os/fe
atures/frameworks/unity/unity -Imbed-os/features/frameworks/utest -Imbed-os/fea
tures/frameworks/utest/source -Imbed-os/features/frameworks/utest/utest -Imbed-
os/features/mbedtls -Imbed-os/features/mbedtls/importer -Imbed-os/features/mbed
tls/inc -Imbed-os/features/mbedtls/inc/mbedtls -Imbed-os/features/mbedtls/src -
Imbed-os/features/mbedtls/platform -Imbed-os/features/mbedtls/platform/inc -Imb
ed-os/features/mbedtls/platform/src -Imbed-os/features/mbedtls/targets -Imbed-o
s/features/nanostack -Imbed-os/features/storage -Imbed-os/features/netsocket -I
mbed-os/features/netsocket/cellular -Imbed-os/features/netsocket/cellular/gener
ic_modem_driver -Imbed-os/features/netsocket/cellular/utils -Imbed-os/features/
filesystem -Imbed-os/features/filesystem/bd -Imbed-os/features/filesystem/fat -
Imbed-os/features/filesystem/fat/ChaN -Imbed-os/features/filesystem/littlefs -I
mbed-os/features/filesystem/littlefs/littlefs -Imbed-os/cmsis -Imbed-os/cmsis/T
ARGET_CORTEX_M -Imbed-os/drivers -Imbed-os/events -Imbed-os/events/equeue -Imbe
d-os/rtos -Imbed-os/rtos/TARGET_CORTEX -Imbed-os/rtos/TARGET_CORTEX/rtx4 -Imbed
-os/rtos/TARGET_CORTEX/rtx5 -Imbed-os/rtos/TARGET_CORTEX/rtx5/Include -Imbed-os
/rtos/TARGET_CORTEX/rtx5/RTX -Imbed-os/rtos/TARGET_CORTEX/rtx5/RTX/Config -Imbe
d-os/rtos/TARGET_CORTEX/rtx5/RTX/Include -Imbed-os/rtos/TARGET_CORTEX/rtx5/RTX/
Source -Imbed-os/rtos/TARGET_CORTEX/rtx5/RTX/Source/TOOLCHAIN_ARM -Imbed-os/rto
s/TARGET_CORTEX/rtx5/RTX/Source/TOOLCHAIN_ARM/TARGET_M3 -Imbed-os/rtos/TARGET_C
ORTEX/rtx5/Source -Imbed-os/hal -Imbed-os/hal/storage_abstraction -Imbed-os/pla
tform -Imbed-os/targets -Imbed-os/targets/TARGET_NXP -Imbed-os/targets/TARGET_N
XP/TARGET_LPC176X -Imbed-os/targets/TARGET_NXP/TARGET_LPC176X/TARGET_MBED_LPC17
68 -Imbed-os/targets/TARGET_NXP/TARGET_LPC176X/device -Imbed-os/targets/TARGET_
NXP/TARGET_LPC176X/device/TOOLCHAIN_ARM_STD -Imbed-os/features/FEATURE_LWIP -Im
bed-os/features/FEATURE_LWIP/lwip-interface -Imbed-os/features/FEATURE_LWIP/lwi
p-interface/lwip-eth -Imbed-os/features/FEATURE_LWIP/lwip-interface/lwip-eth/ar
ch -Imbed-os/features/FEATURE_LWIP/lwip-interface/lwip-eth/arch/TARGET_NXP -Imb
ed-os/features/FEATURE_LWIP/lwip-interface/lwip-eth/arch/TARGET_NXP/TARGET_LPCT
arget -Imbed-os/features/FEATURE_LWIP/lwip-interface/lwip-sys -Imbed-os/feature
s/FEATURE_LWIP/lwip-interface/lwip-sys/arch -Imbed-os/features/FEATURE_LWIP/lwi
p-interface/lwip -Imbed-os/features/FEATURE_LWIP/lwip-interface/lwip/src -Imbed
-os/features/FEATURE_LWIP/lwip-interface/lwip/src/api -Imbed-os/features/FEATUR
E_LWIP/lwip-interface/lwip/src/core -Imbed-os/features/FEATURE_LWIP/lwip-interf
ace/lwip/src/core/ipv4 -Imbed-os/features/FEATURE_LWIP/lwip-interface/lwip/src/
core/ipv6 -Imbed-os/features/FEATURE_LWIP/lwip-interface/lwip/src/include -Imbe
d-os/features/FEATURE_LWIP/lwip-interface/lwip/src/include/lwip -Imbed-os/featu
res/FEATURE_LWIP/lwip-interface/lwip/src/include/lwip/priv -Imbed-os/features/F
EATURE_LWIP/lwip-interface/lwip/src/include/lwip/prot -Imbed-os/features/FEATUR
E_LWIP/lwip-interface/lwip/src/include/netif -Imbed-os/features/FEATURE_LWIP/lw
ip-interface/lwip/src/include/netif/ppp -Imbed-os/features/FEATURE_LWIP/lwip-in



ARM Macro Assembler    Page 7 


terface/lwip/src/include/netif/ppp/polarssl -Imbed-os/features/FEATURE_LWIP/lwi
p-interface/lwip/src/netif -Imbed-os/features/FEATURE_LWIP/lwip-interface/lwip/
src/netif/ppp -Imbed-os/features/FEATURE_LWIP/lwip-interface/lwip/src/netif/ppp
/polarssl -I.\RTE\_mbed-os-example-blinky -IC:\Keil_v5\ARM\PACK\Keil\LPC1700_DF
P\2.4.0\Device\Include -IC:\Keil_v5\ARM\CMSIS\Include -IC:\Keil_v5\ARM\PACK\Kei
l\LPC1700_DFP\2.4.0 --predefine="__UVISION_VERSION SETA 524" --predefine="LPC17
5x_6x SETA 1" --cpreproc_opts=-D__ASSERT_MSG,-D__CMSIS_RTOS,-D__MBED_CMSIS_RTOS
_CM,-D__CORTEX_M3,-DARM_MATH_CM3 --list=.\build\startup_lpc17xx.lst mbed-os/tar
gets/TARGET_NXP/TARGET_LPC176X/device/TOOLCHAIN_ARM_STD/startup_LPC17xx.S



ARM Macro Assembler    Page 1 Alphabetic symbol ordering
Relocatable symbols

RESET 00000000

Symbol: RESET
   Definitions
      At line 29 in file mbed-os\targets\TARGET_NXP\TARGET_LPC176X\device\TOOLC
HAIN_ARM_STD\startup_LPC17xx.S
   Uses
      None
Comment: RESET unused
__Vectors 00000000

Symbol: __Vectors
   Definitions
      At line 32 in file mbed-os\targets\TARGET_NXP\TARGET_LPC176X\device\TOOLC
HAIN_ARM_STD\startup_LPC17xx.S
   Uses
      At line 30 in file mbed-os\targets\TARGET_NXP\TARGET_LPC176X\device\TOOLC
HAIN_ARM_STD\startup_LPC17xx.S
Comment: __Vectors used once
2 symbols



ARM Macro Assembler    Page 1 Alphabetic symbol ordering
Relocatable symbols

.text 00000000

Symbol: .text
   Definitions
      At line 85 in file mbed-os\targets\TARGET_NXP\TARGET_LPC176X\device\TOOLC
HAIN_ARM_STD\startup_LPC17xx.S
   Uses
      None
Comment: .text unused
ADC_IRQHandler 0000001A

Symbol: ADC_IRQHandler
   Definitions
      At line 203 in file mbed-os\targets\TARGET_NXP\TARGET_LPC176X\device\TOOL
CHAIN_ARM_STD\startup_LPC17xx.S
   Uses
      At line 72 in file mbed-os\targets\TARGET_NXP\TARGET_LPC176X\device\TOOLC
HAIN_ARM_STD\startup_LPC17xx.S
      At line 169 in file mbed-os\targets\TARGET_NXP\TARGET_LPC176X\device\TOOL
CHAIN_ARM_STD\startup_LPC17xx.S

BOD_IRQHandler 0000001A

Symbol: BOD_IRQHandler
   Definitions
      At line 204 in file mbed-os\targets\TARGET_NXP\TARGET_LPC176X\device\TOOL
CHAIN_ARM_STD\startup_LPC17xx.S
   Uses
      At line 73 in file mbed-os\targets\TARGET_NXP\TARGET_LPC176X\device\TOOLC
HAIN_ARM_STD\startup_LPC17xx.S
      At line 170 in file mbed-os\targets\TARGET_NXP\TARGET_LPC176X\device\TOOL
CHAIN_ARM_STD\startup_LPC17xx.S

BusFault_Handler 0000000E

Symbol: BusFault_Handler
   Definitions
      At line 117 in file mbed-os\targets\TARGET_NXP\TARGET_LPC176X\device\TOOL
CHAIN_ARM_STD\startup_LPC17xx.S
   Uses
      At line 37 in file mbed-os\targets\TARGET_NXP\TARGET_LPC176X\device\TOOLC
HAIN_ARM_STD\startup_LPC17xx.S
      At line 119 in file mbed-os\targets\TARGET_NXP\TARGET_LPC176X\device\TOOL
CHAIN_ARM_STD\startup_LPC17xx.S

CAN_IRQHandler 0000001A

Symbol: CAN_IRQHandler
   Definitions
      At line 206 in file mbed-os\targets\TARGET_NXP\TARGET_LPC176X\device\TOOL
CHAIN_ARM_STD\startup_LPC17xx.S
   Uses
      At line 75 in file mbed-os\targets\TARGET_NXP\TARGET_LPC176X\device\TOOLC
HAIN_ARM_STD\startup_LPC17xx.S
      At line 172 in file mbed-os\targets\TARGET_NXP\TARGET_LPC176X\device\TOOL
CHAIN_ARM_STD\startup_LPC17xx.S

DMA_IRQHandler 0000001A




ARM Macro Assembler    Page 2 Alphabetic symbol ordering
Relocatable symbols

Symbol: DMA_IRQHandler
   Definitions
      At line 207 in file mbed-os\targets\TARGET_NXP\TARGET_LPC176X\device\TOOL
CHAIN_ARM_STD\startup_LPC17xx.S
   Uses
      At line 76 in file mbed-os\targets\TARGET_NXP\TARGET_LPC176X\device\TOOLC
HAIN_ARM_STD\startup_LPC17xx.S
      At line 173 in file mbed-os\targets\TARGET_NXP\TARGET_LPC176X\device\TOOL
CHAIN_ARM_STD\startup_LPC17xx.S

DebugMon_Handler 00000014

Symbol: DebugMon_Handler
   Definitions
      At line 131 in file mbed-os\targets\TARGET_NXP\TARGET_LPC176X\device\TOOL
CHAIN_ARM_STD\startup_LPC17xx.S
   Uses
      At line 44 in file mbed-os\targets\TARGET_NXP\TARGET_LPC176X\device\TOOLC
HAIN_ARM_STD\startup_LPC17xx.S
      At line 133 in file mbed-os\targets\TARGET_NXP\TARGET_LPC176X\device\TOOL
CHAIN_ARM_STD\startup_LPC17xx.S

Default_Handler 0000001A

Symbol: Default_Handler
   Definitions
      At line 145 in file mbed-os\targets\TARGET_NXP\TARGET_LPC176X\device\TOOL
CHAIN_ARM_STD\startup_LPC17xx.S
   Uses
      None
Comment: Default_Handler unused
EINT0_IRQHandler 0000001A

Symbol: EINT0_IRQHandler
   Definitions
      At line 199 in file mbed-os\targets\TARGET_NXP\TARGET_LPC176X\device\TOOL
CHAIN_ARM_STD\startup_LPC17xx.S
   Uses
      At line 68 in file mbed-os\targets\TARGET_NXP\TARGET_LPC176X\device\TOOLC
HAIN_ARM_STD\startup_LPC17xx.S
      At line 165 in file mbed-os\targets\TARGET_NXP\TARGET_LPC176X\device\TOOL
CHAIN_ARM_STD\startup_LPC17xx.S

EINT1_IRQHandler 0000001A

Symbol: EINT1_IRQHandler
   Definitions
      At line 200 in file mbed-os\targets\TARGET_NXP\TARGET_LPC176X\device\TOOL
CHAIN_ARM_STD\startup_LPC17xx.S
   Uses
      At line 69 in file mbed-os\targets\TARGET_NXP\TARGET_LPC176X\device\TOOLC
HAIN_ARM_STD\startup_LPC17xx.S
      At line 166 in file mbed-os\targets\TARGET_NXP\TARGET_LPC176X\device\TOOL
CHAIN_ARM_STD\startup_LPC17xx.S

EINT2_IRQHandler 0000001A

Symbol: EINT2_IRQHandler
   Definitions



ARM Macro Assembler    Page 3 Alphabetic symbol ordering
Relocatable symbols

      At line 201 in file mbed-os\targets\TARGET_NXP\TARGET_LPC176X\device\TOOL
CHAIN_ARM_STD\startup_LPC17xx.S
   Uses
      At line 70 in file mbed-os\targets\TARGET_NXP\TARGET_LPC176X\device\TOOLC
HAIN_ARM_STD\startup_LPC17xx.S
      At line 167 in file mbed-os\targets\TARGET_NXP\TARGET_LPC176X\device\TOOL
CHAIN_ARM_STD\startup_LPC17xx.S

EINT3_IRQHandler 0000001A

Symbol: EINT3_IRQHandler
   Definitions
      At line 202 in file mbed-os\targets\TARGET_NXP\TARGET_LPC176X\device\TOOL
CHAIN_ARM_STD\startup_LPC17xx.S
   Uses
      At line 71 in file mbed-os\targets\TARGET_NXP\TARGET_LPC176X\device\TOOLC
HAIN_ARM_STD\startup_LPC17xx.S
      At line 168 in file mbed-os\targets\TARGET_NXP\TARGET_LPC176X\device\TOOL
CHAIN_ARM_STD\startup_LPC17xx.S

ENET_IRQHandler 0000001A

Symbol: ENET_IRQHandler
   Definitions
      At line 209 in file mbed-os\targets\TARGET_NXP\TARGET_LPC176X\device\TOOL
CHAIN_ARM_STD\startup_LPC17xx.S
   Uses
      At line 78 in file mbed-os\targets\TARGET_NXP\TARGET_LPC176X\device\TOOLC
HAIN_ARM_STD\startup_LPC17xx.S
      At line 175 in file mbed-os\targets\TARGET_NXP\TARGET_LPC176X\device\TOOL
CHAIN_ARM_STD\startup_LPC17xx.S

HardFault_Handler 0000000A

Symbol: HardFault_Handler
   Definitions
      At line 107 in file mbed-os\targets\TARGET_NXP\TARGET_LPC176X\device\TOOL
CHAIN_ARM_STD\startup_LPC17xx.S
   Uses
      At line 35 in file mbed-os\targets\TARGET_NXP\TARGET_LPC176X\device\TOOLC
HAIN_ARM_STD\startup_LPC17xx.S
      At line 109 in file mbed-os\targets\TARGET_NXP\TARGET_LPC176X\device\TOOL
CHAIN_ARM_STD\startup_LPC17xx.S

I2C0_IRQHandler 0000001A

Symbol: I2C0_IRQHandler
   Definitions
      At line 191 in file mbed-os\targets\TARGET_NXP\TARGET_LPC176X\device\TOOL
CHAIN_ARM_STD\startup_LPC17xx.S
   Uses
      At line 60 in file mbed-os\targets\TARGET_NXP\TARGET_LPC176X\device\TOOLC
HAIN_ARM_STD\startup_LPC17xx.S
      At line 157 in file mbed-os\targets\TARGET_NXP\TARGET_LPC176X\device\TOOL
CHAIN_ARM_STD\startup_LPC17xx.S

I2C1_IRQHandler 0000001A

Symbol: I2C1_IRQHandler



ARM Macro Assembler    Page 4 Alphabetic symbol ordering
Relocatable symbols

   Definitions
      At line 192 in file mbed-os\targets\TARGET_NXP\TARGET_LPC176X\device\TOOL
CHAIN_ARM_STD\startup_LPC17xx.S
   Uses
      At line 61 in file mbed-os\targets\TARGET_NXP\TARGET_LPC176X\device\TOOLC
HAIN_ARM_STD\startup_LPC17xx.S
      At line 158 in file mbed-os\targets\TARGET_NXP\TARGET_LPC176X\device\TOOL
CHAIN_ARM_STD\startup_LPC17xx.S

I2C2_IRQHandler 0000001A

Symbol: I2C2_IRQHandler
   Definitions
      At line 193 in file mbed-os\targets\TARGET_NXP\TARGET_LPC176X\device\TOOL
CHAIN_ARM_STD\startup_LPC17xx.S
   Uses
      At line 62 in file mbed-os\targets\TARGET_NXP\TARGET_LPC176X\device\TOOLC
HAIN_ARM_STD\startup_LPC17xx.S
      At line 159 in file mbed-os\targets\TARGET_NXP\TARGET_LPC176X\device\TOOL
CHAIN_ARM_STD\startup_LPC17xx.S

I2S_IRQHandler 0000001A

Symbol: I2S_IRQHandler
   Definitions
      At line 208 in file mbed-os\targets\TARGET_NXP\TARGET_LPC176X\device\TOOL
CHAIN_ARM_STD\startup_LPC17xx.S
   Uses
      At line 77 in file mbed-os\targets\TARGET_NXP\TARGET_LPC176X\device\TOOLC
HAIN_ARM_STD\startup_LPC17xx.S
      At line 174 in file mbed-os\targets\TARGET_NXP\TARGET_LPC176X\device\TOOL
CHAIN_ARM_STD\startup_LPC17xx.S

MCPWM_IRQHandler 0000001A

Symbol: MCPWM_IRQHandler
   Definitions
      At line 211 in file mbed-os\targets\TARGET_NXP\TARGET_LPC176X\device\TOOL
CHAIN_ARM_STD\startup_LPC17xx.S
   Uses
      At line 80 in file mbed-os\targets\TARGET_NXP\TARGET_LPC176X\device\TOOLC
HAIN_ARM_STD\startup_LPC17xx.S
      At line 177 in file mbed-os\targets\TARGET_NXP\TARGET_LPC176X\device\TOOL
CHAIN_ARM_STD\startup_LPC17xx.S

MemManage_Handler 0000000C

Symbol: MemManage_Handler
   Definitions
      At line 112 in file mbed-os\targets\TARGET_NXP\TARGET_LPC176X\device\TOOL
CHAIN_ARM_STD\startup_LPC17xx.S
   Uses
      At line 36 in file mbed-os\targets\TARGET_NXP\TARGET_LPC176X\device\TOOLC
HAIN_ARM_STD\startup_LPC17xx.S
      At line 114 in file mbed-os\targets\TARGET_NXP\TARGET_LPC176X\device\TOOL
CHAIN_ARM_STD\startup_LPC17xx.S

NMI_Handler 00000008




ARM Macro Assembler    Page 5 Alphabetic symbol ordering
Relocatable symbols

Symbol: NMI_Handler
   Definitions
      At line 103 in file mbed-os\targets\TARGET_NXP\TARGET_LPC176X\device\TOOL
CHAIN_ARM_STD\startup_LPC17xx.S
   Uses
      At line 34 in file mbed-os\targets\TARGET_NXP\TARGET_LPC176X\device\TOOLC
HAIN_ARM_STD\startup_LPC17xx.S
      At line 104 in file mbed-os\targets\TARGET_NXP\TARGET_LPC176X\device\TOOL
CHAIN_ARM_STD\startup_LPC17xx.S

PLL0_IRQHandler 0000001A

Symbol: PLL0_IRQHandler
   Definitions
      At line 197 in file mbed-os\targets\TARGET_NXP\TARGET_LPC176X\device\TOOL
CHAIN_ARM_STD\startup_LPC17xx.S
   Uses
      At line 66 in file mbed-os\targets\TARGET_NXP\TARGET_LPC176X\device\TOOLC
HAIN_ARM_STD\startup_LPC17xx.S
      At line 163 in file mbed-os\targets\TARGET_NXP\TARGET_LPC176X\device\TOOL
CHAIN_ARM_STD\startup_LPC17xx.S

PLL1_IRQHandler 0000001A

Symbol: PLL1_IRQHandler
   Definitions
      At line 213 in file mbed-os\targets\TARGET_NXP\TARGET_LPC176X\device\TOOL
CHAIN_ARM_STD\startup_LPC17xx.S
   Uses
      At line 82 in file mbed-os\targets\TARGET_NXP\TARGET_LPC176X\device\TOOLC
HAIN_ARM_STD\startup_LPC17xx.S
      At line 179 in file mbed-os\targets\TARGET_NXP\TARGET_LPC176X\device\TOOL
CHAIN_ARM_STD\startup_LPC17xx.S

PWM1_IRQHandler 0000001A

Symbol: PWM1_IRQHandler
   Definitions
      At line 190 in file mbed-os\targets\TARGET_NXP\TARGET_LPC176X\device\TOOL
CHAIN_ARM_STD\startup_LPC17xx.S
   Uses
      At line 59 in file mbed-os\targets\TARGET_NXP\TARGET_LPC176X\device\TOOLC
HAIN_ARM_STD\startup_LPC17xx.S
      At line 156 in file mbed-os\targets\TARGET_NXP\TARGET_LPC176X\device\TOOL
CHAIN_ARM_STD\startup_LPC17xx.S

PendSV_Handler 00000016

Symbol: PendSV_Handler
   Definitions
      At line 136 in file mbed-os\targets\TARGET_NXP\TARGET_LPC176X\device\TOOL
CHAIN_ARM_STD\startup_LPC17xx.S
   Uses
      At line 46 in file mbed-os\targets\TARGET_NXP\TARGET_LPC176X\device\TOOLC
HAIN_ARM_STD\startup_LPC17xx.S
      At line 137 in file mbed-os\targets\TARGET_NXP\TARGET_LPC176X\device\TOOL
CHAIN_ARM_STD\startup_LPC17xx.S

QEI_IRQHandler 0000001A



ARM Macro Assembler    Page 6 Alphabetic symbol ordering
Relocatable symbols


Symbol: QEI_IRQHandler
   Definitions
      At line 212 in file mbed-os\targets\TARGET_NXP\TARGET_LPC176X\device\TOOL
CHAIN_ARM_STD\startup_LPC17xx.S
   Uses
      At line 81 in file mbed-os\targets\TARGET_NXP\TARGET_LPC176X\device\TOOLC
HAIN_ARM_STD\startup_LPC17xx.S
      At line 178 in file mbed-os\targets\TARGET_NXP\TARGET_LPC176X\device\TOOL
CHAIN_ARM_STD\startup_LPC17xx.S

RIT_IRQHandler 0000001A

Symbol: RIT_IRQHandler
   Definitions
      At line 210 in file mbed-os\targets\TARGET_NXP\TARGET_LPC176X\device\TOOL
CHAIN_ARM_STD\startup_LPC17xx.S
   Uses
      At line 79 in file mbed-os\targets\TARGET_NXP\TARGET_LPC176X\device\TOOLC
HAIN_ARM_STD\startup_LPC17xx.S
      At line 176 in file mbed-os\targets\TARGET_NXP\TARGET_LPC176X\device\TOOL
CHAIN_ARM_STD\startup_LPC17xx.S

RTC_IRQHandler 0000001A

Symbol: RTC_IRQHandler
   Definitions
      At line 198 in file mbed-os\targets\TARGET_NXP\TARGET_LPC176X\device\TOOL
CHAIN_ARM_STD\startup_LPC17xx.S
   Uses
      At line 67 in file mbed-os\targets\TARGET_NXP\TARGET_LPC176X\device\TOOLC
HAIN_ARM_STD\startup_LPC17xx.S
      At line 164 in file mbed-os\targets\TARGET_NXP\TARGET_LPC176X\device\TOOL
CHAIN_ARM_STD\startup_LPC17xx.S

Reset_Handler 00000000

Symbol: Reset_Handler
   Definitions
      At line 90 in file mbed-os\targets\TARGET_NXP\TARGET_LPC176X\device\TOOLC
HAIN_ARM_STD\startup_LPC17xx.S
   Uses
      At line 33 in file mbed-os\targets\TARGET_NXP\TARGET_LPC176X\device\TOOLC
HAIN_ARM_STD\startup_LPC17xx.S
      At line 91 in file mbed-os\targets\TARGET_NXP\TARGET_LPC176X\device\TOOLC
HAIN_ARM_STD\startup_LPC17xx.S

SPI_IRQHandler 0000001A

Symbol: SPI_IRQHandler
   Definitions
      At line 194 in file mbed-os\targets\TARGET_NXP\TARGET_LPC176X\device\TOOL
CHAIN_ARM_STD\startup_LPC17xx.S
   Uses
      At line 63 in file mbed-os\targets\TARGET_NXP\TARGET_LPC176X\device\TOOLC
HAIN_ARM_STD\startup_LPC17xx.S
      At line 160 in file mbed-os\targets\TARGET_NXP\TARGET_LPC176X\device\TOOL
CHAIN_ARM_STD\startup_LPC17xx.S




ARM Macro Assembler    Page 7 Alphabetic symbol ordering
Relocatable symbols

SSP0_IRQHandler 0000001A

Symbol: SSP0_IRQHandler
   Definitions
      At line 195 in file mbed-os\targets\TARGET_NXP\TARGET_LPC176X\device\TOOL
CHAIN_ARM_STD\startup_LPC17xx.S
   Uses
      At line 64 in file mbed-os\targets\TARGET_NXP\TARGET_LPC176X\device\TOOLC
HAIN_ARM_STD\startup_LPC17xx.S
      At line 161 in file mbed-os\targets\TARGET_NXP\TARGET_LPC176X\device\TOOL
CHAIN_ARM_STD\startup_LPC17xx.S

SSP1_IRQHandler 0000001A

Symbol: SSP1_IRQHandler
   Definitions
      At line 196 in file mbed-os\targets\TARGET_NXP\TARGET_LPC176X\device\TOOL
CHAIN_ARM_STD\startup_LPC17xx.S
   Uses
      At line 65 in file mbed-os\targets\TARGET_NXP\TARGET_LPC176X\device\TOOLC
HAIN_ARM_STD\startup_LPC17xx.S
      At line 162 in file mbed-os\targets\TARGET_NXP\TARGET_LPC176X\device\TOOL
CHAIN_ARM_STD\startup_LPC17xx.S

SVC_Handler 00000012

Symbol: SVC_Handler
   Definitions
      At line 127 in file mbed-os\targets\TARGET_NXP\TARGET_LPC176X\device\TOOL
CHAIN_ARM_STD\startup_LPC17xx.S
   Uses
      At line 43 in file mbed-os\targets\TARGET_NXP\TARGET_LPC176X\device\TOOLC
HAIN_ARM_STD\startup_LPC17xx.S
      At line 128 in file mbed-os\targets\TARGET_NXP\TARGET_LPC176X\device\TOOL
CHAIN_ARM_STD\startup_LPC17xx.S

SysTick_Handler 00000018

Symbol: SysTick_Handler
   Definitions
      At line 140 in file mbed-os\targets\TARGET_NXP\TARGET_LPC176X\device\TOOL
CHAIN_ARM_STD\startup_LPC17xx.S
   Uses
      At line 47 in file mbed-os\targets\TARGET_NXP\TARGET_LPC176X\device\TOOLC
HAIN_ARM_STD\startup_LPC17xx.S
      At line 141 in file mbed-os\targets\TARGET_NXP\TARGET_LPC176X\device\TOOL
CHAIN_ARM_STD\startup_LPC17xx.S

TIMER0_IRQHandler 0000001A

Symbol: TIMER0_IRQHandler
   Definitions
      At line 182 in file mbed-os\targets\TARGET_NXP\TARGET_LPC176X\device\TOOL
CHAIN_ARM_STD\startup_LPC17xx.S
   Uses
      At line 51 in file mbed-os\targets\TARGET_NXP\TARGET_LPC176X\device\TOOLC
HAIN_ARM_STD\startup_LPC17xx.S
      At line 148 in file mbed-os\targets\TARGET_NXP\TARGET_LPC176X\device\TOOL
CHAIN_ARM_STD\startup_LPC17xx.S



ARM Macro Assembler    Page 8 Alphabetic symbol ordering
Relocatable symbols


TIMER1_IRQHandler 0000001A

Symbol: TIMER1_IRQHandler
   Definitions
      At line 183 in file mbed-os\targets\TARGET_NXP\TARGET_LPC176X\device\TOOL
CHAIN_ARM_STD\startup_LPC17xx.S
   Uses
      At line 52 in file mbed-os\targets\TARGET_NXP\TARGET_LPC176X\device\TOOLC
HAIN_ARM_STD\startup_LPC17xx.S
      At line 149 in file mbed-os\targets\TARGET_NXP\TARGET_LPC176X\device\TOOL
CHAIN_ARM_STD\startup_LPC17xx.S

TIMER2_IRQHandler 0000001A

Symbol: TIMER2_IRQHandler
   Definitions
      At line 184 in file mbed-os\targets\TARGET_NXP\TARGET_LPC176X\device\TOOL
CHAIN_ARM_STD\startup_LPC17xx.S
   Uses
      At line 53 in file mbed-os\targets\TARGET_NXP\TARGET_LPC176X\device\TOOLC
HAIN_ARM_STD\startup_LPC17xx.S
      At line 150 in file mbed-os\targets\TARGET_NXP\TARGET_LPC176X\device\TOOL
CHAIN_ARM_STD\startup_LPC17xx.S

TIMER3_IRQHandler 0000001A

Symbol: TIMER3_IRQHandler
   Definitions
      At line 185 in file mbed-os\targets\TARGET_NXP\TARGET_LPC176X\device\TOOL
CHAIN_ARM_STD\startup_LPC17xx.S
   Uses
      At line 54 in file mbed-os\targets\TARGET_NXP\TARGET_LPC176X\device\TOOLC
HAIN_ARM_STD\startup_LPC17xx.S
      At line 151 in file mbed-os\targets\TARGET_NXP\TARGET_LPC176X\device\TOOL
CHAIN_ARM_STD\startup_LPC17xx.S

UART0_IRQHandler 0000001A

Symbol: UART0_IRQHandler
   Definitions
      At line 186 in file mbed-os\targets\TARGET_NXP\TARGET_LPC176X\device\TOOL
CHAIN_ARM_STD\startup_LPC17xx.S
   Uses
      At line 55 in file mbed-os\targets\TARGET_NXP\TARGET_LPC176X\device\TOOLC
HAIN_ARM_STD\startup_LPC17xx.S
      At line 152 in file mbed-os\targets\TARGET_NXP\TARGET_LPC176X\device\TOOL
CHAIN_ARM_STD\startup_LPC17xx.S

UART1_IRQHandler 0000001A

Symbol: UART1_IRQHandler
   Definitions
      At line 187 in file mbed-os\targets\TARGET_NXP\TARGET_LPC176X\device\TOOL
CHAIN_ARM_STD\startup_LPC17xx.S
   Uses
      At line 56 in file mbed-os\targets\TARGET_NXP\TARGET_LPC176X\device\TOOLC
HAIN_ARM_STD\startup_LPC17xx.S
      At line 153 in file mbed-os\targets\TARGET_NXP\TARGET_LPC176X\device\TOOL



ARM Macro Assembler    Page 9 Alphabetic symbol ordering
Relocatable symbols

CHAIN_ARM_STD\startup_LPC17xx.S

UART2_IRQHandler 0000001A

Symbol: UART2_IRQHandler
   Definitions
      At line 188 in file mbed-os\targets\TARGET_NXP\TARGET_LPC176X\device\TOOL
CHAIN_ARM_STD\startup_LPC17xx.S
   Uses
      At line 57 in file mbed-os\targets\TARGET_NXP\TARGET_LPC176X\device\TOOLC
HAIN_ARM_STD\startup_LPC17xx.S
      At line 154 in file mbed-os\targets\TARGET_NXP\TARGET_LPC176X\device\TOOL
CHAIN_ARM_STD\startup_LPC17xx.S

UART3_IRQHandler 0000001A

Symbol: UART3_IRQHandler
   Definitions
      At line 189 in file mbed-os\targets\TARGET_NXP\TARGET_LPC176X\device\TOOL
CHAIN_ARM_STD\startup_LPC17xx.S
   Uses
      At line 58 in file mbed-os\targets\TARGET_NXP\TARGET_LPC176X\device\TOOLC
HAIN_ARM_STD\startup_LPC17xx.S
      At line 155 in file mbed-os\targets\TARGET_NXP\TARGET_LPC176X\device\TOOL
CHAIN_ARM_STD\startup_LPC17xx.S

USB_IRQHandler 0000001A

Symbol: USB_IRQHandler
   Definitions
      At line 205 in file mbed-os\targets\TARGET_NXP\TARGET_LPC176X\device\TOOL
CHAIN_ARM_STD\startup_LPC17xx.S
   Uses
      At line 74 in file mbed-os\targets\TARGET_NXP\TARGET_LPC176X\device\TOOLC
HAIN_ARM_STD\startup_LPC17xx.S
      At line 171 in file mbed-os\targets\TARGET_NXP\TARGET_LPC176X\device\TOOL
CHAIN_ARM_STD\startup_LPC17xx.S

UsageFault_Handler 00000010

Symbol: UsageFault_Handler
   Definitions
      At line 122 in file mbed-os\targets\TARGET_NXP\TARGET_LPC176X\device\TOOL
CHAIN_ARM_STD\startup_LPC17xx.S
   Uses
      At line 38 in file mbed-os\targets\TARGET_NXP\TARGET_LPC176X\device\TOOLC
HAIN_ARM_STD\startup_LPC17xx.S
      At line 124 in file mbed-os\targets\TARGET_NXP\TARGET_LPC176X\device\TOOL
CHAIN_ARM_STD\startup_LPC17xx.S

WDT_IRQHandler 0000001A

Symbol: WDT_IRQHandler
   Definitions
      At line 181 in file mbed-os\targets\TARGET_NXP\TARGET_LPC176X\device\TOOL
CHAIN_ARM_STD\startup_LPC17xx.S
   Uses
      At line 50 in file mbed-os\targets\TARGET_NXP\TARGET_LPC176X\device\TOOLC
HAIN_ARM_STD\startup_LPC17xx.S



ARM Macro Assembler    Page 10 Alphabetic symbol ordering
Relocatable symbols

      At line 147 in file mbed-os\targets\TARGET_NXP\TARGET_LPC176X\device\TOOL
CHAIN_ARM_STD\startup_LPC17xx.S

45 symbols



ARM Macro Assembler    Page 1 Alphabetic symbol ordering
Absolute symbols

__initial_sp 10008000

Symbol: __initial_sp
   Definitions
      At line 22 in file mbed-os\targets\TARGET_NXP\TARGET_LPC176X\device\TOOLC
HAIN_ARM_STD\startup_LPC17xx.S
   Uses
      At line 32 in file mbed-os\targets\TARGET_NXP\TARGET_LPC176X\device\TOOLC
HAIN_ARM_STD\startup_LPC17xx.S
Comment: __initial_sp used once
1 symbol



ARM Macro Assembler    Page 1 Alphabetic symbol ordering
External symbols

SystemInit 00000000

Symbol: SystemInit
   Definitions
      At line 92 in file mbed-os\targets\TARGET_NXP\TARGET_LPC176X\device\TOOLC
HAIN_ARM_STD\startup_LPC17xx.S
   Uses
      At line 94 in file mbed-os\targets\TARGET_NXP\TARGET_LPC176X\device\TOOLC
HAIN_ARM_STD\startup_LPC17xx.S
Comment: SystemInit used once
__main 00000000

Symbol: __main
   Definitions
      At line 93 in file mbed-os\targets\TARGET_NXP\TARGET_LPC176X\device\TOOLC
HAIN_ARM_STD\startup_LPC17xx.S
   Uses
      At line 96 in file mbed-os\targets\TARGET_NXP\TARGET_LPC176X\device\TOOLC
HAIN_ARM_STD\startup_LPC17xx.S
Comment: __main used once
2 symbols
384 symbols in table
